<?xml version="1.0" encoding="UTF-8"?>
<!-- Generated by org.testng.reporters.JUnitReportReporter -->
<testsuite hostname="DESKTOP-0P7RLK5" name="newupdate.Java" tests="1" failures="0" timestamp="2 Sep 2020 13:53:18 GMT" time="0.025" errors="0">
  <testcase name="pal" time="0.025" classname="newupdate.Java"/>
</testsuite> <!-- newupdate.Java -->
